<?xml version="1.0" encoding="UTF-8"?>
<testsuite name="SILab2Test" tests="2" skipped="0" failures="0" errors="0" timestamp="2021-05-17T18:29:43" hostname="DESKTOP" time="0.025">
  <properties/>
  <testcase name="function_EveryBranch()" classname="SILab2Test" time="0.022"/>
  <testcase name="function_MultipleCondition()" classname="SILab2Test" time="0.002"/>
  <system-out><![CDATA[]]></system-out>
  <system-err><![CDATA[]]></system-err>
</testsuite>
